<?xml version="1.0" encoding="UTF-8"?>
<testng-results skipped="0" failed="0" total="1" passed="1">
  <reporter-output>
  </reporter-output>
  <suite name="Default suite" duration-ms="9983" started-at="2017-05-17T14:18:56Z" finished-at="2017-05-17T14:19:06Z">
    <groups>
    </groups>
    <test name="Default test" duration-ms="9983" started-at="2017-05-17T14:18:56Z" finished-at="2017-05-17T14:19:06Z">
      <class name="jenkinsDemo.BuyTicket">
        <test-method status="PASS" signature="login()[pri:0, instance:jenkinsDemo.BuyTicket@2a54a73f]" name="login" is-config="true" duration-ms="4373" started-at="2017-05-17T10:18:56Z" finished-at="2017-05-17T10:19:00Z">
          <reporter-output>
          </reporter-output>
        </test-method> <!-- login -->
        <test-method status="PASS" signature="ticketpurchase()[pri:0, instance:jenkinsDemo.BuyTicket@2a54a73f]" name="ticketpurchase" duration-ms="5068" started-at="2017-05-17T10:19:00Z" finished-at="2017-05-17T10:19:06Z">
          <reporter-output>
          </reporter-output>
        </test-method> <!-- ticketpurchase -->
        <test-method status="PASS" signature="Logout()[pri:0, instance:jenkinsDemo.BuyTicket@2a54a73f]" name="Logout" is-config="true" duration-ms="516" started-at="2017-05-17T10:19:06Z" finished-at="2017-05-17T10:19:06Z">
          <reporter-output>
          </reporter-output>
        </test-method> <!-- Logout -->
      </class> <!-- jenkinsDemo.BuyTicket -->
    </test> <!-- Default test -->
  </suite> <!-- Default suite -->
</testng-results>
