<?xml version="1.0" encoding="UTF-8"?>
<testng-results skipped="0" failed="0" total="1" passed="1">
  <reporter-output>
  </reporter-output>
  <suite name="Default suite" duration-ms="11306" started-at="2017-05-17T14:41:34Z" finished-at="2017-05-17T14:41:46Z">
    <groups>
    </groups>
    <test name="Default test" duration-ms="11306" started-at="2017-05-17T14:41:34Z" finished-at="2017-05-17T14:41:46Z">
      <class name="jenkinsDemo.BuyTicket">
        <test-method status="PASS" signature="login()[pri:0, instance:jenkinsDemo.BuyTicket@2a54a73f]" name="login" is-config="true" duration-ms="5134" started-at="2017-05-17T10:41:34Z" finished-at="2017-05-17T10:41:40Z">
          <reporter-output>
          </reporter-output>
        </test-method> <!-- login -->
        <test-method status="PASS" signature="ticketpurchase()[pri:0, instance:jenkinsDemo.BuyTicket@2a54a73f]" name="ticketpurchase" duration-ms="5608" started-at="2017-05-17T10:41:40Z" finished-at="2017-05-17T10:41:45Z">
          <reporter-output>
          </reporter-output>
        </test-method> <!-- ticketpurchase -->
        <test-method status="PASS" signature="Logout()[pri:0, instance:jenkinsDemo.BuyTicket@2a54a73f]" name="Logout" is-config="true" duration-ms="544" started-at="2017-05-17T10:41:45Z" finished-at="2017-05-17T10:41:46Z">
          <reporter-output>
          </reporter-output>
        </test-method> <!-- Logout -->
      </class> <!-- jenkinsDemo.BuyTicket -->
    </test> <!-- Default test -->
  </suite> <!-- Default suite -->
</testng-results>
